libs/DocumentScanner/build/intermediates/manifest_merge_blame_file/debug/manifest-merger-blame-debug-report.txt
1<?xml version="1.0" encoding="utf-8"?>
2<manifest xmlns:android="http://schemas.android.com/apk/res/android"
3    xmlns:tools="http://schemas.android.com/tools"
4    package="com.zynksoftware.documentscanner"
5    android:versionCode="5"
6    android:versionName="1.0.1" >
7
8    <uses-sdk
9        android:minSdkVersion="21"
9-->src/main/AndroidManifest.xml
10        android:targetSdkVersion="29" />
10-->src/main/AndroidManifest.xml
11
12    <uses-feature android:name="android.hardware.camera2" />
12-->src/main/AndroidManifest.xml:5:5-61
12-->src/main/AndroidManifest.xml:5:19-58
13
14    <uses-permission android:name="android.permission.CAMERA" />
14-->src/main/AndroidManifest.xml:6:5-64
14-->src/main/AndroidManifest.xml:6:22-62
15    <uses-permission android:name="android.permission.READ_EXTERNAL_STORAGE" />
15-->src/main/AndroidManifest.xml:7:5-79
15-->src/main/AndroidManifest.xml:7:22-77
16    <uses-permission
16-->src/main/AndroidManifest.xml:8:5-94
17        android:name="android.permission.READ_PHONE_STATE"
17-->src/main/AndroidManifest.xml:8:22-72
18        tools:node="remove" />
18-->src/main/AndroidManifest.xml:8:73-92
19
20    <application
20-->src/main/AndroidManifest.xml:10:5-26:19
21        android:hardwareAccelerated="true"
21-->src/main/AndroidManifest.xml:13:9-43
22        android:largeHeap="true"
22-->src/main/AndroidManifest.xml:12:9-33
23        android:requestLegacyExternalStorage="true"
23-->src/main/AndroidManifest.xml:11:9-52
24        tools:ignore="UnusedAttribute" >
24-->src/main/AndroidManifest.xml:14:9-39
25        <activity
25-->src/main/AndroidManifest.xml:16:9-19:52
26            android:name="com.zynksoftware.documentscanner.ui.scan.InternalScanActivity"
26-->src/main/AndroidManifest.xml:17:13-57
27            android:screenOrientation="portrait"
27-->src/main/AndroidManifest.xml:18:13-49
28            android:theme="@style/ActivityTheme" />
28-->src/main/AndroidManifest.xml:19:13-49
29        <activity
29-->src/main/AndroidManifest.xml:21:9-24:52
30            android:name="com.zynksoftware.documentscanner.ScanActivity"
30-->src/main/AndroidManifest.xml:22:13-41
31            android:screenOrientation="portrait"
31-->src/main/AndroidManifest.xml:23:13-49
32            android:theme="@style/ActivityTheme" />
32-->src/main/AndroidManifest.xml:24:13-49
33    </application>
34
35</manifest>